2015-08-19 18:52:26,330 - [INFO] - from play in pool-26-thread-2 
Listening for HTTP on /0:0:0:0:0:0:0:0:9000

2015-08-19 18:52:29,702 - [INFO] - from play in play-internal-execution-context-1 
Application started (Dev)

2015-08-19 18:52:30,081 - [ERROR] - from application in play-akka.actor.default-dispatcher-3 


! @6n7c91ghb - Internal server error, for (GET) [/] ->

play.api.Application$$anon$1: Execution exception[[RuntimeException: java.lang.NoSuchMethodError: org.jboss.netty.handler.codec.http.HttpRequest.setHeader(Ljava/lang/String;Ljava/lang/Object;)V]]
	at play.api.Application$class.handleError(Application.scala:296) ~[play_2.11-2.3.10.jar:2.3.10]
	at play.api.DefaultApplication.handleError(Application.scala:402) [play_2.11-2.3.10.jar:2.3.10]
	at play.core.server.netty.PlayDefaultUpstreamHandler$$anonfun$14$$anonfun$apply$1.applyOrElse(PlayDefaultUpstreamHandler.scala:205) [play_2.11-2.3.10.jar:2.3.10]
	at play.core.server.netty.PlayDefaultUpstreamHandler$$anonfun$14$$anonfun$apply$1.applyOrElse(PlayDefaultUpstreamHandler.scala:202) [play_2.11-2.3.10.jar:2.3.10]
	at scala.runtime.AbstractPartialFunction.apply(AbstractPartialFunction.scala:36) [scala-library-2.11.6.jar:na]
	at scala.util.Failure$$anonfun$recover$1.apply(Try.scala:215) [scala-library-2.11.6.jar:na]
	at scala.util.Try$.apply(Try.scala:191) [scala-library-2.11.6.jar:na]
	at scala.util.Failure.recover(Try.scala:215) [scala-library-2.11.6.jar:na]
	at scala.concurrent.Future$$anonfun$recover$1.apply(Future.scala:324) [scala-library-2.11.6.jar:na]
	at scala.concurrent.Future$$anonfun$recover$1.apply(Future.scala:324) [scala-library-2.11.6.jar:na]
	at scala.concurrent.impl.CallbackRunnable.run(Promise.scala:32) [scala-library-2.11.6.jar:na]
	at play.api.libs.iteratee.Execution$trampoline$.execute(Execution.scala:46) [play-iteratees_2.11-2.3.10.jar:2.3.10]
	at scala.concurrent.impl.CallbackRunnable.executeWithValue(Promise.scala:40) [scala-library-2.11.6.jar:na]
	at scala.concurrent.impl.Promise$DefaultPromise.tryComplete(Promise.scala:248) [scala-library-2.11.6.jar:na]
	at scala.concurrent.Promise$class.complete(Promise.scala:55) [scala-library-2.11.6.jar:na]
	at scala.concurrent.impl.Promise$DefaultPromise.complete(Promise.scala:153) [scala-library-2.11.6.jar:na]
	at scala.concurrent.impl.Future$PromiseCompletingRunnable.run(Future.scala:23) [scala-library-2.11.6.jar:na]
	at akka.dispatch.TaskInvocation.run(AbstractDispatcher.scala:41) [akka-actor_2.11-2.3.6.jar:na]
	at akka.dispatch.ForkJoinExecutorConfigurator$AkkaForkJoinTask.exec(AbstractDispatcher.scala:393) [akka-actor_2.11-2.3.6.jar:na]
	at scala.concurrent.forkjoin.ForkJoinTask.doExec(ForkJoinTask.java:260) [scala-library-2.11.6.jar:na]
	at scala.concurrent.forkjoin.ForkJoinPool$WorkQueue.runTask(ForkJoinPool.java:1339) [scala-library-2.11.6.jar:na]
	at scala.concurrent.forkjoin.ForkJoinPool.runWorker(ForkJoinPool.java:1979) [scala-library-2.11.6.jar:na]
	at scala.concurrent.forkjoin.ForkJoinWorkerThread.run(ForkJoinWorkerThread.java:107) [scala-library-2.11.6.jar:na]
Caused by: java.lang.RuntimeException: java.lang.NoSuchMethodError: org.jboss.netty.handler.codec.http.HttpRequest.setHeader(Ljava/lang/String;Ljava/lang/Object;)V
	at play.api.mvc.ActionBuilder$$anon$1.apply(Action.scala:523) ~[play_2.11-2.3.10.jar:2.3.10]
	at play.api.mvc.Action$$anonfun$apply$1$$anonfun$apply$4$$anonfun$apply$5.apply(Action.scala:130) ~[play_2.11-2.3.10.jar:2.3.10]
	at play.api.mvc.Action$$anonfun$apply$1$$anonfun$apply$4$$anonfun$apply$5.apply(Action.scala:130) ~[play_2.11-2.3.10.jar:2.3.10]
	at play.utils.Threads$.withContextClassLoader(Threads.scala:21) ~[play_2.11-2.3.10.jar:2.3.10]
	at play.api.mvc.Action$$anonfun$apply$1$$anonfun$apply$4.apply(Action.scala:129) ~[play_2.11-2.3.10.jar:2.3.10]
	at play.api.mvc.Action$$anonfun$apply$1$$anonfun$apply$4.apply(Action.scala:128) ~[play_2.11-2.3.10.jar:2.3.10]
	at scala.Option.map(Option.scala:146) ~[scala-library-2.11.6.jar:na]
	at play.api.mvc.Action$$anonfun$apply$1.apply(Action.scala:128) ~[play_2.11-2.3.10.jar:2.3.10]
	at play.api.mvc.Action$$anonfun$apply$1.apply(Action.scala:121) ~[play_2.11-2.3.10.jar:2.3.10]
	at play.api.libs.iteratee.DoneIteratee$$anonfun$mapM$2.apply(Iteratee.scala:705) ~[play-iteratees_2.11-2.3.10.jar:2.3.10]
	at play.api.libs.iteratee.DoneIteratee$$anonfun$mapM$2.apply(Iteratee.scala:705) ~[play-iteratees_2.11-2.3.10.jar:2.3.10]
	at scala.concurrent.impl.Future$PromiseCompletingRunnable.liftedTree1$1(Future.scala:24) [scala-library-2.11.6.jar:na]
	at scala.concurrent.impl.Future$PromiseCompletingRunnable.run(Future.scala:24) [scala-library-2.11.6.jar:na]
	... 6 common frames omitted
Caused by: java.lang.NoSuchMethodError: org.jboss.netty.handler.codec.http.HttpRequest.setHeader(Ljava/lang/String;Ljava/lang/Object;)V
	at com.ning.http.client.providers.netty.NettyAsyncHttpProvider.construct(NettyAsyncHttpProvider.java:704) ~[async-http-client-1.8.15.jar:na]
	at com.ning.http.client.providers.netty.NettyAsyncHttpProvider.buildRequest(NettyAsyncHttpProvider.java:657) ~[async-http-client-1.8.15.jar:na]
	at com.ning.http.client.providers.netty.NettyConnectListener$Builder.build(NettyConnectListener.java:145) ~[async-http-client-1.8.15.jar:na]
	at com.ning.http.client.providers.netty.NettyAsyncHttpProvider.doConnect(NettyAsyncHttpProvider.java:1071) ~[async-http-client-1.8.15.jar:na]
	at com.ning.http.client.providers.netty.NettyAsyncHttpProvider.execute(NettyAsyncHttpProvider.java:940) ~[async-http-client-1.8.15.jar:na]
	at com.ning.http.client.AsyncHttpClient.executeRequest(AsyncHttpClient.java:499) ~[async-http-client-1.8.15.jar:na]
	at play.api.libs.ws.ning.NingWSClient.executeRequest(NingWS.scala:42) ~[play-ws_2.11-2.3.10.jar:2.3.10]
	at play.api.libs.ws.ning.NingWSRequest.execute(NingWS.scala:246) ~[play-ws_2.11-2.3.10.jar:2.3.10]
	at play.api.libs.ws.ning.NingWSRequestHolder.execute(NingWS.scala:405) ~[play-ws_2.11-2.3.10.jar:2.3.10]
	at play.api.libs.ws.WSRequestHolder$class.get(WS.scala:485) ~[play-ws_2.11-2.3.10.jar:2.3.10]
	at play.api.libs.ws.ning.NingWSRequestHolder.get(NingWS.scala:361) ~[play-ws_2.11-2.3.10.jar:2.3.10]
	at controllers.Application$$anonfun$index$1.apply(Application.scala:13) ~[classes/:na]
	at controllers.Application$$anonfun$index$1.apply(Application.scala:11) ~[classes/:na]
	at play.api.mvc.ActionBuilder$$anonfun$async$1.apply(Action.scala:481) ~[play_2.11-2.3.10.jar:2.3.10]
	at play.api.mvc.ActionBuilder$$anonfun$async$1.apply(Action.scala:481) ~[play_2.11-2.3.10.jar:2.3.10]
	at play.api.mvc.Action$.invokeBlock(Action.scala:556) ~[play_2.11-2.3.10.jar:2.3.10]
	at play.api.mvc.Action$.invokeBlock(Action.scala:555) ~[play_2.11-2.3.10.jar:2.3.10]
	at play.api.mvc.ActionBuilder$$anon$1.apply(Action.scala:518) ~[play_2.11-2.3.10.jar:2.3.10]
	... 18 common frames omitted

